<?xml version="1.0" encoding="UTF-8"?>
<!-- Generated by org.testng.reporters.JUnitReportReporter -->
<testsuite skipped="0" hostname="ShivaRam-PC" name="testBase.MainRunner" tests="1" failures="0" timestamp="20 May 2018 12:35:14 GMT" time="11.789" errors="0">
  <testcase name="feature" time="11.789" classname="testBase.MainRunner"/>
</testsuite> <!-- testBase.MainRunner -->
