<?xml version="1.0" encoding="UTF-8"?>
<!-- Generated by org.testng.reporters.JUnitReportReporter -->
<testsuite skipped="0" hostname="ShivaRam-PC" name="testBase.MainRunner" tests="1" failures="0" timestamp="14 May 2018 17:10:25 GMT" time="29.102" errors="0">
  <testcase name="feature" time="29.102" classname="testBase.MainRunner"/>
</testsuite> <!-- testBase.MainRunner -->
